 ************************************************************************************************
 *
 *  ARC-SRTK
 *
 *  2017.07.10  1.添加MA_MU对流层映射函数
 *              2.添加MTT对流层映射函数
 *              3.添加CHAO对流层映射函数
 *              4.添加CFA2_2对流层映射函数
 *
 *  2017.07.12  1.添加UNSW931对流层映射函数
 *              2.添加EXP对流层映射函数
 *              3.添加IFADIS对流层映射函数
 *
 *  2017.07.13  1.添加HOPF对流层改正模型
 *              2.添加UNB3对流层改正模型
 *              3.添加MOPS对流层改正模型
 *
 *  2017.07.14  1.添加GCAT对流层改正模型
 *              2.添加BLACK对流层改正模型
 *              3.添加WAAS对流层改正模型
 *
 *  2017.07.15  1.在动态模式，采用标准单点定位初始化流动站坐标和权阵，效果比直接采用先验值初始化好
 *
 *  2017.07.16  1.添加新的周跳探测方法，采用香港CORS网的观测数据和迈普公司的实测动态数据进行测试，效果良好
 *
 *  2017.07.17  1.添加GPS卫星系统的卫星偏航角模型
 *              2.添加卫星天线相位缠绕误差改正模型
 *
 *  2017.07.18  1.考虑在滤波方法上优化，初步采用非线性滤波方法：粒子滤波（PF）、无迹卡儿曼滤波（UKF）
 *
 *  2017.07.20  1.添加粒子滤波（PF），测试的效果不好，计算效率偏低，不建议采用粒子滤波解算
 *
 *  2017.07.24  1.添加无迹卡儿曼滤波（UKF），在静态模式效果没有EKF和AKF好，但是在动态模式稍好于AKF和EKF，
 *                尤其是在短基线的情况下，总体测试结果UKF的效果不明显（需要进一步讨论）
 *
 *  2017.07.26  1.添加自适应卡儿曼滤波（AKF），经过测试，在静态模式时，其与EKF的效果无明显差异，在动态
 *                模式，AKF好于EKF，而且较EKF滤波数值稳定，较少出现滤波发散的情况
 *
 *  2017.07.27  1.修复卡尔曼滤波的状态更新函数，当采用动力学模型时，状态更新数值不稳定的问题
 *
 *  2017.07.28  1.尝试在单独解算BDS系统卫星时,删除GEO卫星,但是经过实验表明效果并不好，而且比将GEO卫星参
 *                与解算时的效果更差
 *
 *              2.改进双差方程误差系数矩阵构建函数
 *
 *  2017.07.29  1.静态模式，GPS和BDS系统单独解算的精度较高(2cm左右)，但是BDS和GPS两个系统联合解算的
 *                精度并没有两者单独解算的精度高，推测是两个模糊度系统的双差模糊度固定时出现问题
 *
 *              2.部分模糊度固定策略，在静态模式效果改善不多，在动态模式则改善较为明显
 *
 *              3.ARMODE_FIXHOLD和ARMODE_INST两种模糊度解算模式对于静态基线，相差不大，对于动态基线，
 *                则差别较为明显，一般动态模式时，ARMODE_INST的效果比ARMODE_FIXHOLD好，ARMODE_INST
 *                每个历元都初始化模糊度，ARMODE_FIXHOLD则利用上一个历元的模糊度信息
 *
 *              4.完善分组模糊度固定策略，考虑若某一组中有BDS个GPS卫星，此时该组中包含有两颗参考星
 *
 *              5.分组模糊度固定的效果并不好，甚至可能出现解算错误，因此删除分组模糊度固定函数
 *              6.添加伪距差分定位，主要用于单频RTK的初始化
 *
 ***********************************************************************************************
